Apr-01 12:43:19.983 [main] DEBUG nextflow.cli.Launcher - $> nextflow run biocorecrg/indrop --pairs 's3://olgabot-maca/sra/homo_sapiens/indrop/transplant_kidney_prjna431401/SRR6506827_pass_1.fastq.gz' 's3://olgabot-maca/sra/homo_sapiens/indrop/transplant_kidney_prjna431401/SRR6506827_pass_1.fastq.gz' --genome 's3://czbiohub-reference/gencode/human/v29/GRCh38.p12.genome.fa.gz' -profile aws -latest
Apr-01 12:43:20.180 [main] INFO  nextflow.cli.CmdRun - N E X T F L O W  ~  version 19.01.0
Apr-01 12:43:21.137 [main] DEBUG nextflow.scm.AssetManager - Git config: /home/olga/.nextflow/assets/biocorecrg/indrop/.git/config; branch: master; remote: origin; url: https://github.com/biocorecrg/indrop.git
Apr-01 12:43:21.151 [main] DEBUG nextflow.scm.AssetManager - Git config: /home/olga/.nextflow/assets/biocorecrg/indrop/.git/config; branch: master; remote: origin; url: https://github.com/biocorecrg/indrop.git
Apr-01 12:43:21.151 [main] INFO  nextflow.cli.CmdRun - Pulling biocorecrg/indrop ...
Apr-01 12:43:21.152 [main] DEBUG nextflow.scm.AssetManager - Pull pipeline biocorecrg/indrop  -- Using local path: /home/olga/.nextflow/assets/biocorecrg/indrop
Apr-01 12:43:27.259 [main] DEBUG nextflow.scm.AssetManager - Git config: /home/olga/.nextflow/assets/biocorecrg/indrop/.git/config; branch: master; remote: origin; url: https://github.com/biocorecrg/indrop.git
Apr-01 12:43:27.259 [main] INFO  nextflow.cli.CmdRun - Launching `biocorecrg/indrop` [high_lamport] - revision: a7bae0d899 [master]
Apr-01 12:43:27.293 [main] DEBUG nextflow.config.ConfigBuilder - Found config home: /home/olga/.nextflow/config
Apr-01 12:43:27.294 [main] DEBUG nextflow.config.ConfigBuilder - Found config base: /home/olga/.nextflow/assets/biocorecrg/indrop/nextflow.config
Apr-01 12:43:27.295 [main] DEBUG nextflow.config.ConfigBuilder - Parsing config file: /home/olga/.nextflow/config
Apr-01 12:43:27.295 [main] DEBUG nextflow.config.ConfigBuilder - Parsing config file: /home/olga/.nextflow/assets/biocorecrg/indrop/nextflow.config
Apr-01 12:43:27.311 [main] DEBUG nextflow.config.ConfigBuilder - Applying config profile: `aws`
Apr-01 12:43:27.406 [main] DEBUG nextflow.config.ConfigBuilder - Applying config profile: `aws`
Apr-01 12:43:27.573 [main] DEBUG nextflow.config.ConfigBuilder - Available config profiles: [aws, local]
Apr-01 12:43:27.665 [main] DEBUG nextflow.Session - Session uuid: 7f74ae49-0747-4ffe-8866-d4e0965b80a8
Apr-01 12:43:27.665 [main] DEBUG nextflow.Session - Run name: high_lamport
Apr-01 12:43:27.667 [main] DEBUG nextflow.Session - Executor pool size: 128
Apr-01 12:43:27.681 [main] DEBUG nextflow.cli.CmdRun - 
  Version: 19.01.0 build 5050
  Modified: 22-01-2019 11:19 UTC (03:19 PDT)
  System: Linux 4.4.0-87-generic
  Runtime: Groovy 2.5.5 on OpenJDK 64-Bit Server VM 1.8.0_191-8u191-b12-2ubuntu0.16.04.1-b12
  Encoding: UTF-8 (UTF-8)
  Process: 40209@ndnd [192.168.99.28]
  CPUs: 128 - Mem: 2 TB (428.6 GB) - Swap: 2 TB (2 TB)
Apr-01 12:43:27.727 [main] DEBUG nextflow.file.FileHelper - Creating a file system instance for provider: S3FileSystemProvider
Apr-01 12:43:27.741 [main] DEBUG nextflow.Global - Using AWS credential defined in `default` section in file: /home/olga/.aws/credentials
Apr-01 12:43:27.755 [main] DEBUG nextflow.file.FileHelper - AWS S3 config details: {secret_key=Zl6hSJ.., max_connections=20, upload_storage_class=INTELLIGENT_TIERING, storage_encryption=AES256, access_key=AKIAI2.., region=us-west-2, connection_timeout=10000}
Apr-01 12:43:28.603 [main] DEBUG nextflow.file.FileHelper - Can't check if specified path is NFS (1): /czb-nextflow/work

Apr-01 12:43:28.603 [main] DEBUG nextflow.Session - Work-dir: s3://czb-nextflow/work [null]
Apr-01 12:43:28.796 [main] ERROR nextflow.cli.Launcher - @unknown
nextflow.exception.IllegalConfigException: Cannot enable more than one container engine -- Choose either one of: docker, singularity
	at nextflow.Session.memoizedMethodPriv$getContainerConfig(Session.groovy:1016)
	at sun.reflect.NativeMethodAccessorImpl.invoke0(Native Method)
	at sun.reflect.NativeMethodAccessorImpl.invoke(NativeMethodAccessorImpl.java:62)
	at sun.reflect.DelegatingMethodAccessorImpl.invoke(DelegatingMethodAccessorImpl.java:43)
	at java.lang.reflect.Method.invoke(Method.java:498)
	at org.codehaus.groovy.reflection.CachedMethod.invoke(CachedMethod.java:104)
	at groovy.lang.MetaMethod.doMethodInvoke(MetaMethod.java:326)
	at groovy.lang.MetaClassImpl.invokeMethod(MetaClassImpl.java:1217)
	at groovy.lang.MetaClassImpl.invokeMethod(MetaClassImpl.java:1041)
	at org.codehaus.groovy.runtime.InvokerHelper.invokePogoMethod(InvokerHelper.java:1011)
	at org.codehaus.groovy.runtime.InvokerHelper.invokeMethod(InvokerHelper.java:994)
	at org.codehaus.groovy.runtime.InvokerHelper.invokeMethodSafe(InvokerHelper.java:97)
	at nextflow.Session$_closure2.doCall(Session.groovy)
	at nextflow.Session$_closure2.doCall(Session.groovy)
	at sun.reflect.NativeMethodAccessorImpl.invoke0(Native Method)
	at sun.reflect.NativeMethodAccessorImpl.invoke(NativeMethodAccessorImpl.java:62)
	at sun.reflect.DelegatingMethodAccessorImpl.invoke(DelegatingMethodAccessorImpl.java:43)
	at java.lang.reflect.Method.invoke(Method.java:498)
	at org.codehaus.groovy.reflection.CachedMethod.invoke(CachedMethod.java:104)
	at groovy.lang.MetaMethod.doMethodInvoke(MetaMethod.java:326)
	at org.codehaus.groovy.runtime.metaclass.ClosureMetaClass.invokeMethod(ClosureMetaClass.java:264)
	at groovy.lang.MetaClassImpl.invokeMethod(MetaClassImpl.java:1041)
	at groovy.lang.Closure.call(Closure.java:411)
	at org.codehaus.groovy.runtime.memoize.Memoize$MemoizeFunction$1.provide(Memoize.java:139)
	at org.codehaus.groovy.runtime.memoize.ConcurrentCommonCache.getAndPut(ConcurrentCommonCache.java:147)
	at org.codehaus.groovy.runtime.memoize.ConcurrentCommonCache.getAndPut(ConcurrentCommonCache.java:123)
	at org.codehaus.groovy.runtime.memoize.Memoize$MemoizeFunction.call(Memoize.java:136)
	at groovy.lang.Closure.call(Closure.java:405)
	at nextflow.Session.getContainerConfig(Session.groovy)
	at nextflow.script.WorkflowMetadata.<init>(WorkflowMetadata.groovy:224)
	at nextflow.script.ScriptRunner.init(ScriptRunner.groovy:264)
	at nextflow.script.ScriptRunner.execute(ScriptRunner.groovy:160)
	at nextflow.cli.CmdRun.run(CmdRun.groovy:240)
	at nextflow.cli.Launcher.run(Launcher.groovy:445)
	at nextflow.cli.Launcher.main(Launcher.groovy:622)
